<?xml version="1.0" encoding="UTF-8"?>
<!-- Generated by org.testng.reporters.JUnitReportReporter -->
<testsuite skipped="0" hostname="SAMSUNG-PC" name="com.qa.freeCRM.TestCases.HomePageTest" tests="2" failures="0" timestamp="22 Apr 2020 12:39:31 GMT" time="46.854" errors="0">
  <testcase name="homepageTitleTest" time="22.597" classname="com.qa.freeCRM.TestCases.HomePageTest"/>
  <testcase name="verifyContactsLinkTest" time="24.257" classname="com.qa.freeCRM.TestCases.HomePageTest"/>
</testsuite> <!-- com.qa.freeCRM.TestCases.HomePageTest -->
