<?xml version="1.0" encoding="UTF-8"?>
<!-- Generated by org.testng.reporters.JUnitReportReporter -->
<testsuite skipped="0" hostname="SAMSUNG-PC" name="com.qa.freeCRM.TestCases.LoginPageTest" tests="2" failures="0" timestamp="22 Apr 2020 12:46:08 GMT" time="37.562" errors="0">
  <testcase name="titleTest" time="17.298" classname="com.qa.freeCRM.TestCases.LoginPageTest"/>
  <testcase name="loginTest" time="20.264" classname="com.qa.freeCRM.TestCases.LoginPageTest"/>
</testsuite> <!-- com.qa.freeCRM.TestCases.LoginPageTest -->
